Arguments: 
  /usr/bin/node /usr/share/yarn/bin/yarn.js start

PATH: 
  /home/indra/anaconda3/bin:/home/indra/anaconda3/condabin:/usr/local/sbin:/usr/local/bin:/usr/sbin:/usr/bin:/sbin:/bin:/usr/games:/usr/local/games:/snap/bin

Yarn version: 
  1.22.5

Node version: 
  14.15.3

Platform: 
  linux x64

Trace: 
  SyntaxError: /home/indra/MERN/js-ecomerce/frontend/package.json: Unexpected string in JSON at position 222
      at JSON.parse (<anonymous>)
      at /usr/share/yarn/lib/cli.js:1625:59
      at Generator.next (<anonymous>)
      at step (/usr/share/yarn/lib/cli.js:310:30)
      at /usr/share/yarn/lib/cli.js:321:13

npm manifest: 
  {
    "name": "frontend",
    "version": "1.0.0",
    "description": "",
    "main": "index.js",
    "scripts": {
      "start":"live-server src --verbose"
    },
    "keywords": [],"test": "echo \"Error: no test specified\" && exit 1"
    "author": "",
    "license": "ISC",
    "devDependencies": {
      "live-server": "^1.2.1"
    }
  }

yarn manifest: 
  No manifest

Lockfile: 
  No lockfile
